0 info it worked if it ends with ok
1 verbose cli [ '/opt/bitnami/nodejs/bin/.node.bin',
1 verbose cli   '/opt/bitnami/nodejs/bin/npm',
1 verbose cli   'run',
1 verbose cli   'start' ]
2 info using npm@3.10.8
3 info using node@v6.9.1
4 verbose run-script [ 'prestart', 'start', 'poststart' ]
5 info lifecycle react-the-answer@0.0.1~prestart: react-the-answer@0.0.1
6 silly lifecycle react-the-answer@0.0.1~prestart: no script for prestart, continuing
7 info lifecycle react-the-answer@0.0.1~start: react-the-answer@0.0.1
8 verbose lifecycle react-the-answer@0.0.1~start: unsafe-perm in lifecycle true
9 verbose lifecycle react-the-answer@0.0.1~start: PATH: /opt/bitnami/nodejs/lib/node_modules/npm/bin/node-gyp-bin:/share/ExchangeCurrency/src/react-the-answer/node_modules/.bin:/opt/bitnami/redis/bin:/opt/bitnami/python/bin:/opt/bitnami/nodejs/bin:/opt/bitnami/git/bin:/opt/bitnami/apache2/bin:/opt/bitnami/common/bin:/usr/local/sbin:/usr/local/bin:/usr/sbin:/usr/bin:/sbin:/bin:/usr/games:/usr/local/games
10 verbose lifecycle react-the-answer@0.0.1~start: CWD: /share/ExchangeCurrency/src/react-the-answer
11 silly lifecycle react-the-answer@0.0.1~start: Args: [ '-c', 'http-server -p 8082 build/client/public/' ]
12 silly lifecycle react-the-answer@0.0.1~start: Returned: code: 137  signal: null
13 info lifecycle react-the-answer@0.0.1~start: Failed to exec start script
14 verbose stack Error: react-the-answer@0.0.1 start: `http-server -p 8082 build/client/public/`
14 verbose stack Exit status 137
14 verbose stack     at EventEmitter.<anonymous> (/opt/bitnami/nodejs/lib/node_modules/npm/lib/utils/lifecycle.js:255:16)
14 verbose stack     at emitTwo (events.js:106:13)
14 verbose stack     at EventEmitter.emit (events.js:191:7)
14 verbose stack     at ChildProcess.<anonymous> (/opt/bitnami/nodejs/lib/node_modules/npm/lib/utils/spawn.js:40:14)
14 verbose stack     at emitTwo (events.js:106:13)
14 verbose stack     at ChildProcess.emit (events.js:191:7)
14 verbose stack     at maybeClose (internal/child_process.js:877:16)
14 verbose stack     at Process.ChildProcess._handle.onexit (internal/child_process.js:226:5)
15 verbose pkgid react-the-answer@0.0.1
16 verbose cwd /share/ExchangeCurrency/src/react-the-answer
17 error Linux 3.13.0-100-generic
18 error argv "/opt/bitnami/nodejs/bin/.node.bin" "/opt/bitnami/nodejs/bin/npm" "run" "start"
19 error node v6.9.1
20 error npm  v3.10.8
21 error code ELIFECYCLE
22 error react-the-answer@0.0.1 start: `http-server -p 8082 build/client/public/`
22 error Exit status 137
23 error Failed at the react-the-answer@0.0.1 start script 'http-server -p 8082 build/client/public/'.
23 error Make sure you have the latest version of node.js and npm installed.
23 error If you do, this is most likely a problem with the react-the-answer package,
23 error not with npm itself.
23 error Tell the author that this fails on your system:
23 error     http-server -p 8082 build/client/public/
23 error You can get information on how to open an issue for this project with:
23 error     npm bugs react-the-answer
23 error Or if that isn't available, you can get their info via:
23 error     npm owner ls react-the-answer
23 error There is likely additional logging output above.
24 verbose exit [ 1, true ]
